fill 1 8
segs 1 10
fill 1 8
segs 1 5
fill 1 8
segs 6 10
fill 1 8
segs 6 8
fill 4 5
segs 1 10
fill 4 5
segs 1 5
fill 4 5
segs 4 5
fill 3 6
segs 1 10
fill 3 6
segs 1 5
fill 3 6
segs 1 3
fill 3 6
segs 3 3
fill 3 6
segs 4 5
fill 3 6
segs 6 10
fill 3 6
segs 6 8
fill 3 6
segs 6 7
fill 3 6
segs 6 6
fill 2 7
segs 1 10
fill 2 7
segs 1 5
fill 2 7
segs 1 3
fill 2 7
segs 1 2
fill 2 7
segs 2 2
fill 2 7
segs 3 3
fill 2 7
segs 4 5
fill 2 7
segs 6 10
fill 2 7
segs 6 8
fill 2 7
segs 6 7
cnt: 1 1
cnt: 2 2
cnt: 3 3
cnt: 4 4
cnt: 5 4
cnt: 6 3
cnt: 7 2
cnt: 8 1
cnt: 9 0
cnt: 10 0
-------
fill 4 5
segs 1 10
fill 4 5
segs 1 5
fill 4 5
segs 4 5
fill 3 6
segs 1 10
fill 3 6
segs 1 5
fill 3 6
segs 1 3
fill 3 6
segs 3 3
fill 3 6
segs 4 5
fill 3 6
segs 6 10
fill 3 6
segs 6 8
fill 3 6
segs 6 7
fill 3 6
segs 6 6
fill 2 7
segs 1 10
fill 2 7
segs 1 5
fill 2 7
segs 1 3
fill 2 7
segs 1 2
fill 2 7
segs 2 2
fill 2 7
segs 3 3
fill 2 7
segs 4 5
fill 2 7
segs 6 10
fill 2 7
segs 6 8
fill 2 7
segs 6 7
cnt: 1 0
cnt: 2 1
cnt: 3 2
cnt: 4 3
cnt: 5 3
cnt: 6 2
cnt: 7 1
cnt: 8 0
cnt: 9 0
cnt: 10 0
-------
fill 3 6
segs 1 10
fill 3 6
segs 1 5
fill 3 6
segs 1 3
fill 3 6
segs 3 3
fill 3 6
segs 4 5
fill 3 6
segs 6 10
fill 3 6
segs 6 8
fill 3 6
segs 6 7
fill 3 6
segs 6 6
fill 2 7
segs 1 10
fill 2 7
segs 1 5
fill 2 7
segs 1 3
fill 2 7
segs 1 2
fill 2 7
segs 2 2
fill 2 7
segs 3 3
fill 2 7
segs 4 5
fill 2 7
segs 6 10
fill 2 7
segs 6 8
fill 2 7
segs 6 7
cnt: 1 0
cnt: 2 1
cnt: 3 2
cnt: 4 2
cnt: 5 2
cnt: 6 2
cnt: 7 1
cnt: 8 0
cnt: 9 0
cnt: 10 0
-------
fill 2 7
segs 1 10
fill 2 7
segs 1 5
fill 2 7
segs 1 3
fill 2 7
segs 1 2
fill 2 7
segs 2 2
fill 2 7
segs 3 3
fill 2 7
segs 4 5
fill 2 7
segs 6 10
fill 2 7
segs 6 8
fill 2 7
segs 6 7
cnt: 1 0
cnt: 2 1
cnt: 3 1
cnt: 4 1
cnt: 5 1
cnt: 6 1
cnt: 7 1
cnt: 8 0
cnt: 9 0
cnt: 10 0
-------
Case #1: 2
